# JRE version: Java(TM) SE Runtime Environment (8.0_201-b09) (build 1.8.0_201-b09)
# Java VM: Java HotSpot(TM) 64-Bit Server VM (25.201-b09 mixed mode windows-amd64 compressed oops)
Heap:
 PSYoungGen      total 76288K, used 46893K [0x000000076b200000, 0x0000000770700000, 0x00000007c0000000)
  eden space 65536K, 71% used [0x000000076b200000,0x000000076dfcb410,0x000000076f200000)
  from space 10752K, 0% used [0x000000076fc80000,0x000000076fc80000,0x0000000770700000)
  to   space 10752K, 0% used [0x000000076f200000,0x000000076f200000,0x000000076fc80000)
 ParOldGen       total 112128K, used 8258K [0x00000006c1600000, 0x00000006c8380000, 0x000000076b200000)
  object space 112128K, 7% used [0x00000006c1600000,0x00000006c1e10b30,0x00000006c8380000)
 Metaspace       used 25420K, capacity 25774K, committed 25856K, reserved 1073152K
  class space    used 2945K, capacity 3051K, committed 3072K, reserved 1048576K
GC Heap History (6 events):
Event: 2.455 GC heap before
{Heap before GC invocations=1 (full 0):
 PSYoungGen      total 76288K, used 65536K [0x000000076b200000, 0x0000000770700000, 0x00000007c0000000)
  eden space 65536K, 100% used [0x000000076b200000,0x000000076f200000,0x000000076f200000)
  from space 10752K, 0% used [0x000000076fc80000,0x000000076fc80000,0x0000000770700000)
  to   space 10752K, 0% used [0x000000076f200000,0x000000076f200000,0x000000076fc80000)
 ParOldGen       total 175104K, used 0K [0x00000006c1600000, 0x00000006cc100000, 0x000000076b200000)
  object space 175104K, 0% used [0x00000006c1600000,0x00000006c1600000,0x00000006cc100000)
 Metaspace       used 14515K, capacity 14778K, committed 14848K, reserved 1062912K
  class space    used 1674K, capacity 1775K, committed 1792K, reserved 1048576K
Event: 2.466 GC heap after
Heap after GC invocations=1 (full 0):
 PSYoungGen      total 76288K, used 9161K [0x000000076b200000, 0x0000000770700000, 0x00000007c0000000)
  eden space 65536K, 0% used [0x000000076b200000,0x000000076b200000,0x000000076f200000)
  from space 10752K, 85% used [0x000000076f200000,0x000000076faf2480,0x000000076fc80000)
  to   space 10752K, 0% used [0x000000076fc80000,0x000000076fc80000,0x0000000770700000)
 ParOldGen       total 175104K, used 80K [0x00000006c1600000, 0x00000006cc100000, 0x000000076b200000)
  object space 175104K, 0% used [0x00000006c1600000,0x00000006c1614010,0x00000006cc100000)
 Metaspace       used 14515K, capacity 14778K, committed 14848K, reserved 1062912K
  class space    used 1674K, capacity 1775K, committed 1792K, reserved 1048576K
}
Event: 4.357 GC heap before
{Heap before GC invocations=2 (full 0):
 PSYoungGen      total 76288K, used 63422K [0x000000076b200000, 0x0000000770700000, 0x00000007c0000000)
  eden space 65536K, 82% used [0x000000076b200000,0x000000076e6fd480,0x000000076f200000)
  from space 10752K, 85% used [0x000000076f200000,0x000000076faf2480,0x000000076fc80000)
  to   space 10752K, 0% used [0x000000076fc80000,0x000000076fc80000,0x0000000770700000)
 ParOldGen       total 175104K, used 80K [0x00000006c1600000, 0x00000006cc100000, 0x000000076b200000)
  object space 175104K, 0% used [0x00000006c1600000,0x00000006c1614010,0x00000006cc100000)
 Metaspace       used 20831K, capacity 21168K, committed 21248K, reserved 1069056K
  class space    used 2382K, capacity 2498K, committed 2560K, reserved 1048576K
Event: 4.381 GC heap after
Heap after GC invocations=2 (full 0):
 PSYoungGen      total 76288K, used 8274K [0x000000076b200000, 0x0000000770700000, 0x00000007c0000000)
  eden space 65536K, 0% used [0x000000076b200000,0x000000076b200000,0x000000076f200000)
  from space 10752K, 76% used [0x000000076fc80000,0x0000000770494bf0,0x0000000770700000)
  to   space 10752K, 0% used [0x000000076f200000,0x000000076f200000,0x000000076fc80000)
 ParOldGen       total 175104K, used 224K [0x00000006c1600000, 0x00000006cc100000, 0x000000076b200000)
  object space 175104K, 0% used [0x00000006c1600000,0x00000006c1638020,0x00000006cc100000)
 Metaspace       used 20831K, capacity 21168K, committed 21248K, reserved 1069056K
  class space    used 2382K, capacity 2498K, committed 2560K, reserved 1048576K
}
Event: 4.381 GC heap before
{Heap before GC invocations=3 (full 1):
 PSYoungGen      total 76288K, used 8274K [0x000000076b200000, 0x0000000770700000, 0x00000007c0000000)
  eden space 65536K, 0% used [0x000000076b200000,0x000000076b200000,0x000000076f200000)
  from space 10752K, 76% used [0x000000076fc80000,0x0000000770494bf0,0x0000000770700000)
  to   space 10752K, 0% used [0x000000076f200000,0x000000076f200000,0x000000076fc80000)
 ParOldGen       total 175104K, used 224K [0x00000006c1600000, 0x00000006cc100000, 0x000000076b200000)
  object space 175104K, 0% used [0x00000006c1600000,0x00000006c1638020,0x00000006cc100000)
 Metaspace       used 20831K, capacity 21168K, committed 21248K, reserved 1069056K
  class space    used 2382K, capacity 2498K, committed 2560K, reserved 1048576K
Event: 4.432 GC heap after
Heap after GC invocations=3 (full 1):
 PSYoungGen      total 76288K, used 0K [0x000000076b200000, 0x0000000770700000, 0x00000007c0000000)
  eden space 65536K, 0% used [0x000000076b200000,0x000000076b200000,0x000000076f200000)
  from space 10752K, 0% used [0x000000076fc80000,0x000000076fc80000,0x0000000770700000)
  to   space 10752K, 0% used [0x000000076f200000,0x000000076f200000,0x000000076fc80000)
 ParOldGen       total 112128K, used 8258K [0x00000006c1600000, 0x00000006c8380000, 0x000000076b200000)
  object space 112128K, 7% used [0x00000006c1600000,0x00000006c1e10b30,0x00000006c8380000)
 Metaspace       used 20831K, capacity 21168K, committed 21248K, reserved 1069056K
  class space    used 2382K, capacity 2498K, committed 2560K, reserved 1048576K
}

